<?xml version="1.0" encoding="UTF-8"?>
<!-- Generated by org.testng.reporters.JUnitReportReporter -->
<testsuite hostname="srinivas" failures="0" tests="1" name="OopzExProgs.TestSingletonConcept" time="11.559" errors="0" timestamp="29 Jun 2018 12:07:39 GMT" skipped="0">
  <testcase classname="OopzExProgs.TestSingletonConcept" name="test" time="11.559"/>
</testsuite> <!-- OopzExProgs.TestSingletonConcept -->
